[Wed 06/18/2025 14:29:32.29] Simple Badge Automation Started 
[2025-06-18 14:45:09] Creating showcase repositories for Starstruck badge...
[2025-06-18 14:45:09] Created directory: J:\green-commits\awesome-github-badges
[2025-06-18 14:45:10] Repository structure created for: awesome-github-badges
[2025-06-18 14:45:10] Error updating badge state: Exception setting "ActionsCompleted": "The property 'ActionsCompleted' cannot be found on this object. Verify that the property exists and can be set."
[2025-06-18 14:45:10] Processing repository: badge-automation-toolkit
[2025-06-18 14:45:10] Created directory: J:\green-commits\badge-automation-toolkit
[2025-06-18 14:45:10] Repository structure created for: badge-automation-toolkit
[2025-06-18 14:45:11] Error updating badge state: Exception setting "ActionsCompleted": "The property 'ActionsCompleted' cannot be found on this object. Verify that the property exists and can be set."
[2025-06-18 14:45:11] Processing repository: github-profile-enhancer
[2025-06-18 14:45:11] Created directory: J:\green-commits\github-profile-enhancer
[2025-06-18 14:45:11] Repository structure created for: github-profile-enhancer
[2025-06-18 14:45:12] Error updating badge state: Exception setting "ActionsCompleted": "The property 'ActionsCompleted' cannot be found on this object. Verify that the property exists and can be set."
[2025-06-18 14:45:12] Showcase repositories creation completed
[2025-06-18 14:46:00] Generating badge status report...
[2025-06-18 14:46:07] Status report saved to: J:\green-commits\badge-status-report.txt
[2025-06-18 14:46:07] Badge status report generation completed
[2025-06-18 14:53:56] Creating showcase repositories for Starstruck badge...
[2025-06-18 14:53:57] Repository structure created for: awesome-github-badges
[2025-06-18 14:53:58] Error updating badge state: Exception setting "ActionsCompleted": "The property 'ActionsCompleted' cannot be found on this object. Verify that the property exists and can be set."
[2025-06-18 14:53:58] Processing repository: badge-automation-toolkit
[2025-06-18 14:53:58] Repository structure created for: badge-automation-toolkit
[2025-06-18 14:53:58] Error updating badge state: Exception setting "ActionsCompleted": "The property 'ActionsCompleted' cannot be found on this object. Verify that the property exists and can be set."
[2025-06-18 14:53:58] Processing repository: github-profile-enhancer
[2025-06-18 14:53:58] Repository structure created for: github-profile-enhancer
[2025-06-18 14:53:58] Error updating badge state: Exception setting "ActionsCompleted": "The property 'ActionsCompleted' cannot be found on this object. Verify that the property exists and can be set."
[2025-06-18 14:53:58] Showcase repositories creation completed
[2025-06-18 14:53:58] PowerShell automation script completed for action: CreateShowcaseRepos
[2025-06-18 14:54:38] Generating badge status report...
[2025-06-18 14:54:45] Status report saved to: J:\green-commits\badge-status-report.txt
[2025-06-18 14:54:45] Badge status report generation completed
