[2025-06-18 14:00:19] [INFO] Green Commits Master Control System v4.0 starting...
[2025-06-18 14:00:19] [INFO] Session started at: 06/18/2025 14:00:19
[2025-06-18 14:00:20] [SUCCESS] Configuration loaded successfully
[2025-06-18 14:00:20] [SUCCESS] Prerequisites validated successfully
[2025-06-18 14:00:20] [INFO] Executing command line mode: Badge
[2025-06-18 14:00:20] [INFO] Executing operation: Badge
[2025-06-18 14:00:20] [INFO] Starting Badge Achievement Mode...
[2025-06-18 14:00:20] [INFO] Initializing badge system...
[2025-06-18 14:00:20] [SUCCESS] Badge state loaded from file
[2025-06-18 14:00:31] [INFO] Starting badge evaluation...
[2025-06-18 14:00:31] [SUCCESS] Badge evaluation completed. New badges: 0
[2025-06-18 14:00:36] [SUCCESS] Badge statistics updated: CommitCreated (+10)
[2025-06-18 14:00:36] [SUCCESS] Badge state saved successfully
[2025-06-18 14:00:36] [SUCCESS] Badge statistics updated: PullRequestCreated (+2)
[2025-06-18 14:00:37] [SUCCESS] Badge state saved successfully
[2025-06-18 14:00:37] [SUCCESS] Badge statistics updated: DirectMerge (+1)
[2025-06-18 14:00:37] [SUCCESS] Badge state saved successfully
[2025-06-18 14:00:37] [INFO] Starting badge evaluation...
[2025-06-18 14:00:37] [SUCCESS] Badge evaluation completed. New badges: 0
[2025-06-18 14:00:46] [SUCCESS] Badge achievement mode completed
[2025-06-18 14:00:46] [SUCCESS] Command line operation completed successfully
[2025-06-18 14:00:46] [INFO] Session ended. Duration: 00:00:26, Operations: 1
[2025-06-18 14:01:06] [INFO] Green Commits Master Control System v4.0 starting...
[2025-06-18 14:01:07] [INFO] Session started at: 06/18/2025 14:01:06
[2025-06-18 14:01:07] [SUCCESS] Prerequisites validated successfully
[2025-06-18 14:01:07] [INFO] Starting interactive menu mode
[2025-06-18 14:01:14] [INFO] Executing operation: Badge
[2025-06-18 14:01:14] [INFO] Starting Badge Achievement Mode...
[2025-06-18 14:01:14] [INFO] Initializing badge system...
[2025-06-18 14:01:15] [SUCCESS] Badge state loaded from file
[2025-06-18 14:01:18] [INFO] Starting badge evaluation...
[2025-06-18 14:01:18] [SUCCESS] Badge evaluation completed. New badges: 0
[2025-06-18 14:01:22] [SUCCESS] Badge achievement mode completed
[2025-06-18 14:01:32] [INFO] Executing operation: Status
[2025-06-18 14:01:34] [INFO] User requested exit
[2025-06-18 14:01:34] [INFO] Interactive session ended
[2025-06-18 14:01:34] [INFO] Session ended. Duration: 00:00:28, Operations: 2
[2025-06-18 14:02:27] [INFO] Green Commits Master Control System v4.0 starting...
[2025-06-18 14:02:27] [INFO] Session started at: 06/18/2025 14:02:27
[2025-06-18 14:02:27] [SUCCESS] Configuration loaded successfully
[2025-06-18 14:02:28] [SUCCESS] Prerequisites validated successfully
[2025-06-18 14:02:28] [INFO] Executing command line mode: Badge
[2025-06-18 14:02:28] [INFO] Executing operation: Badge
[2025-06-18 14:02:28] [INFO] Starting Badge Achievement Mode...
[2025-06-18 14:02:28] [INFO] Initializing badge system...
[2025-06-18 14:02:28] [SUCCESS] Badge state loaded from file
[2025-06-18 14:02:46] [INFO] Starting badge evaluation...
[2025-06-18 14:02:46] [SUCCESS] Badge evaluation completed. New badges: 0
[2025-06-18 14:02:57] [SUCCESS] Badge achievement mode completed
[2025-06-18 14:02:57] [SUCCESS] Command line operation completed successfully
[2025-06-18 14:02:57] [INFO] Session ended. Duration: 00:00:30, Operations: 1
[2025-06-18 14:03:43] [INFO] Green Commits Master Control System v4.0 starting...
[2025-06-18 14:03:44] [INFO] Session started at: 06/18/2025 14:03:43
[2025-06-18 14:03:44] [SUCCESS] Configuration loaded successfully
[2025-06-18 14:03:44] [INFO] Starting interactive menu mode
